apps/hub/app/build/intermediates/manifest_merge_blame_file/debug/manifest-merger-blame-debug-report.txt
1<?xml version="1.0" encoding="utf-8"?>
2<manifest xmlns:android="http://schemas.android.com/apk/res/android"
3    package="cl.babyguardian.hub"
4    android:versionCode="1"
5    android:versionName="1.0.0" >
6
7    <uses-sdk
8        android:minSdkVersion="26"
9        android:targetSdkVersion="34" />
10
11    <!-- Permissions -->
12    <uses-permission android:name="android.permission.INTERNET" />
12-->src/main/AndroidManifest.xml:5:5-67
12-->src/main/AndroidManifest.xml:5:22-64
13    <uses-permission android:name="android.permission.ACCESS_NETWORK_STATE" />
13-->src/main/AndroidManifest.xml:6:5-79
13-->src/main/AndroidManifest.xml:6:22-76
14    <uses-permission android:name="android.permission.ACCESS_WIFI_STATE" />
14-->src/main/AndroidManifest.xml:7:5-76
14-->src/main/AndroidManifest.xml:7:22-73
15    <uses-permission android:name="android.permission.CAMERA" />
15-->src/main/AndroidManifest.xml:8:5-65
15-->src/main/AndroidManifest.xml:8:22-62
16    <uses-permission android:name="android.permission.RECORD_AUDIO" />
16-->src/main/AndroidManifest.xml:9:5-71
16-->src/main/AndroidManifest.xml:9:22-68
17    <uses-permission android:name="android.permission.FOREGROUND_SERVICE" />
17-->src/main/AndroidManifest.xml:10:5-77
17-->src/main/AndroidManifest.xml:10:22-74
18    <uses-permission android:name="android.permission.FOREGROUND_SERVICE_MICROPHONE" />
18-->src/main/AndroidManifest.xml:11:5-88
18-->src/main/AndroidManifest.xml:11:22-85
19    <uses-permission android:name="android.permission.FOREGROUND_SERVICE_CAMERA" />
19-->src/main/AndroidManifest.xml:12:5-84
19-->src/main/AndroidManifest.xml:12:22-81
20    <uses-permission android:name="android.permission.FOREGROUND_SERVICE_MEDIA_PLAYBACK" />
20-->src/main/AndroidManifest.xml:13:5-92
20-->src/main/AndroidManifest.xml:13:22-89
21    <uses-permission android:name="android.permission.WAKE_LOCK" />
21-->src/main/AndroidManifest.xml:14:5-68
21-->src/main/AndroidManifest.xml:14:22-65
22    <uses-permission android:name="android.permission.VIBRATE" />
22-->src/main/AndroidManifest.xml:15:5-66
22-->src/main/AndroidManifest.xml:15:22-63
23    <uses-permission android:name="android.permission.POST_NOTIFICATIONS" />
23-->src/main/AndroidManifest.xml:16:5-77
23-->src/main/AndroidManifest.xml:16:22-74
24    <uses-permission android:name="android.permission.RECEIVE_BOOT_COMPLETED" />
24-->src/main/AndroidManifest.xml:17:5-81
24-->src/main/AndroidManifest.xml:17:22-78
25    <uses-permission android:name="android.permission.CHANGE_WIFI_MULTICAST_STATE" />
25-->src/main/AndroidManifest.xml:18:5-86
25-->src/main/AndroidManifest.xml:18:22-83
26    <uses-permission android:name="android.permission.NFC" />
26-->src/main/AndroidManifest.xml:19:5-62
26-->src/main/AndroidManifest.xml:19:22-59
27
28    <uses-feature
28-->src/main/AndroidManifest.xml:21:5-85
29        android:name="android.hardware.camera"
29-->src/main/AndroidManifest.xml:21:19-57
30        android:required="false" />
30-->src/main/AndroidManifest.xml:21:58-82
31    <uses-feature
31-->src/main/AndroidManifest.xml:22:5-88
32        android:name="android.hardware.microphone"
32-->src/main/AndroidManifest.xml:22:19-61
33        android:required="true" />
33-->src/main/AndroidManifest.xml:22:62-85
34    <!-- Required by older versions of Google Play services to create IID tokens -->
35    <uses-permission android:name="com.google.android.c2dm.permission.RECEIVE" />
35-->[com.google.firebase:firebase-messaging:23.4.0] AndroidManifest.xml:26:5-82
35-->[com.google.firebase:firebase-messaging:23.4.0] AndroidManifest.xml:26:22-79
36
37    <permission
37-->[androidx.core:core:1.12.0] AndroidManifest.xml:22:5-24:47
38        android:name="cl.babyguardian.hub.DYNAMIC_RECEIVER_NOT_EXPORTED_PERMISSION"
38-->[androidx.core:core:1.12.0] AndroidManifest.xml:23:9-81
39        android:protectionLevel="signature" />
39-->[androidx.core:core:1.12.0] AndroidManifest.xml:24:9-44
40
41    <uses-permission android:name="cl.babyguardian.hub.DYNAMIC_RECEIVER_NOT_EXPORTED_PERMISSION" />
41-->[androidx.core:core:1.12.0] AndroidManifest.xml:26:5-97
41-->[androidx.core:core:1.12.0] AndroidManifest.xml:26:22-94
42
43    <uses-feature
43-->[com.journeyapps:zxing-android-embedded:4.3.0] AndroidManifest.xml:28:5-30:36
44        android:name="android.hardware.camera.front"
44-->[com.journeyapps:zxing-android-embedded:4.3.0] AndroidManifest.xml:29:9-53
45        android:required="false" /> <!-- TODO replace above two with next line after Android 4.2 -->
45-->[com.journeyapps:zxing-android-embedded:4.3.0] AndroidManifest.xml:30:9-33
46    <!-- <uses-feature android:name="android.hardware.camera.any"/> -->
47    <uses-feature
47-->[com.journeyapps:zxing-android-embedded:4.3.0] AndroidManifest.xml:33:5-35:36
48        android:name="android.hardware.camera.autofocus"
48-->[com.journeyapps:zxing-android-embedded:4.3.0] AndroidManifest.xml:34:9-57
49        android:required="false" />
49-->[com.journeyapps:zxing-android-embedded:4.3.0] AndroidManifest.xml:35:9-33
50    <uses-feature
50-->[com.journeyapps:zxing-android-embedded:4.3.0] AndroidManifest.xml:36:5-38:36
51        android:name="android.hardware.camera.flash"
51-->[com.journeyapps:zxing-android-embedded:4.3.0] AndroidManifest.xml:37:9-53
52        android:required="false" />
52-->[com.journeyapps:zxing-android-embedded:4.3.0] AndroidManifest.xml:38:9-33
53    <uses-feature
53-->[com.journeyapps:zxing-android-embedded:4.3.0] AndroidManifest.xml:39:5-41:36
54        android:name="android.hardware.screen.landscape"
54-->[com.journeyapps:zxing-android-embedded:4.3.0] AndroidManifest.xml:40:9-57
55        android:required="false" />
55-->[com.journeyapps:zxing-android-embedded:4.3.0] AndroidManifest.xml:41:9-33
56    <uses-feature
56-->[com.journeyapps:zxing-android-embedded:4.3.0] AndroidManifest.xml:42:5-44:36
57        android:name="android.hardware.wifi"
57-->[com.journeyapps:zxing-android-embedded:4.3.0] AndroidManifest.xml:43:9-45
58        android:required="false" />
58-->[com.journeyapps:zxing-android-embedded:4.3.0] AndroidManifest.xml:44:9-33
59
60    <uses-permission android:name="android.permission.WRITE_EXTERNAL_STORAGE" />
61    <uses-permission android:name="android.permission.READ_PHONE_STATE" />
62    <uses-permission android:name="android.permission.READ_EXTERNAL_STORAGE" />
63
64    <application
64-->src/main/AndroidManifest.xml:24:5-73:19
65        android:name="cl.babyguardian.hub.BabyGuardianApp"
65-->src/main/AndroidManifest.xml:25:9-40
66        android:allowBackup="true"
66-->src/main/AndroidManifest.xml:26:9-35
67        android:appComponentFactory="androidx.core.app.CoreComponentFactory"
67-->[androidx.core:core:1.12.0] AndroidManifest.xml:28:18-86
68        android:debuggable="true"
69        android:extractNativeLibs="false"
70        android:hardwareAccelerated="true"
70-->src/main/AndroidManifest.xml:33:9-43
71        android:icon="@drawable/ic_launcher"
71-->src/main/AndroidManifest.xml:27:9-45
72        android:label="@string/app_name"
72-->src/main/AndroidManifest.xml:28:9-41
73        android:largeHeap="true"
73-->src/main/AndroidManifest.xml:34:9-33
74        android:roundIcon="@drawable/ic_launcher"
74-->src/main/AndroidManifest.xml:29:9-50
75        android:supportsRtl="true"
75-->src/main/AndroidManifest.xml:30:9-35
76        android:testOnly="true"
77        android:theme="@style/Theme.BabyGuardianHub"
77-->src/main/AndroidManifest.xml:31:9-53
78        android:usesCleartextTraffic="true" >
78-->src/main/AndroidManifest.xml:32:9-44
79        <activity
79-->src/main/AndroidManifest.xml:36:9-46:20
80            android:name="cl.babyguardian.hub.ui.MainActivity"
80-->src/main/AndroidManifest.xml:37:13-44
81            android:exported="true"
81-->src/main/AndroidManifest.xml:38:13-36
82            android:launchMode="singleTask"
82-->src/main/AndroidManifest.xml:39:13-44
83            android:screenOrientation="landscape"
83-->src/main/AndroidManifest.xml:40:13-50
84            android:windowSoftInputMode="adjustResize" >
84-->src/main/AndroidManifest.xml:41:13-55
85            <intent-filter>
85-->src/main/AndroidManifest.xml:42:13-45:29
86                <action android:name="android.intent.action.MAIN" />
86-->src/main/AndroidManifest.xml:43:17-69
86-->src/main/AndroidManifest.xml:43:25-66
87
88                <category android:name="android.intent.category.LAUNCHER" />
88-->src/main/AndroidManifest.xml:44:17-77
88-->src/main/AndroidManifest.xml:44:27-74
89            </intent-filter>
90        </activity>
91
92        <!-- Baby Monitor Foreground Service -->
93        <service
93-->src/main/AndroidManifest.xml:49:9-53:44
94            android:name="cl.babyguardian.hub.service.BabyMonitorService"
94-->src/main/AndroidManifest.xml:50:13-55
95            android:exported="false"
95-->src/main/AndroidManifest.xml:51:13-37
96            android:foregroundServiceType="microphone|camera"
96-->src/main/AndroidManifest.xml:52:13-62
97            android:stopWithTask="false" />
97-->src/main/AndroidManifest.xml:53:13-41
98
99        <!-- FCM Service -->
100        <service
100-->src/main/AndroidManifest.xml:56:9-62:19
101            android:name="cl.babyguardian.hub.service.BabyFirebaseMessagingService"
101-->src/main/AndroidManifest.xml:57:13-65
102            android:exported="false" >
102-->src/main/AndroidManifest.xml:58:13-37
103            <intent-filter>
103-->src/main/AndroidManifest.xml:59:13-61:29
104                <action android:name="com.google.firebase.MESSAGING_EVENT" />
104-->src/main/AndroidManifest.xml:60:17-78
104-->src/main/AndroidManifest.xml:60:25-75
105            </intent-filter>
106        </service>
107
108        <!-- Boot receiver -->
109        <receiver
109-->src/main/AndroidManifest.xml:65:9-71:20
110            android:name="cl.babyguardian.hub.receiver.BootReceiver"
110-->src/main/AndroidManifest.xml:66:13-50
111            android:exported="true" >
111-->src/main/AndroidManifest.xml:67:13-36
112            <intent-filter>
112-->src/main/AndroidManifest.xml:68:13-70:29
113                <action android:name="android.intent.action.BOOT_COMPLETED" />
113-->src/main/AndroidManifest.xml:69:17-79
113-->src/main/AndroidManifest.xml:69:25-76
114            </intent-filter>
115        </receiver>
116
117        <service
117-->[com.google.firebase:firebase-messaging-ktx:23.4.0] AndroidManifest.xml:23:9-29:19
118            android:name="com.google.firebase.components.ComponentDiscoveryService"
118-->[com.google.firebase:firebase-messaging-ktx:23.4.0] AndroidManifest.xml:24:13-84
119            android:directBootAware="true"
119-->[com.google.firebase:firebase-common:20.4.2] AndroidManifest.xml:32:13-43
120            android:exported="false" >
120-->[com.google.firebase:firebase-messaging-ktx:23.4.0] AndroidManifest.xml:25:13-37
121            <meta-data
121-->[com.google.firebase:firebase-messaging-ktx:23.4.0] AndroidManifest.xml:26:13-28:85
122                android:name="com.google.firebase.components:com.google.firebase.messaging.ktx.FirebaseMessagingLegacyRegistrar"
122-->[com.google.firebase:firebase-messaging-ktx:23.4.0] AndroidManifest.xml:27:17-129
123                android:value="com.google.firebase.components.ComponentRegistrar" />
123-->[com.google.firebase:firebase-messaging-ktx:23.4.0] AndroidManifest.xml:28:17-82
124            <meta-data
124-->[com.google.firebase:firebase-messaging:23.4.0] AndroidManifest.xml:57:13-59:85
125                android:name="com.google.firebase.components:com.google.firebase.messaging.FirebaseMessagingKtxRegistrar"
125-->[com.google.firebase:firebase-messaging:23.4.0] AndroidManifest.xml:58:17-122
126                android:value="com.google.firebase.components.ComponentRegistrar" />
126-->[com.google.firebase:firebase-messaging:23.4.0] AndroidManifest.xml:59:17-82
127            <meta-data
127-->[com.google.firebase:firebase-messaging:23.4.0] AndroidManifest.xml:60:13-62:85
128                android:name="com.google.firebase.components:com.google.firebase.messaging.FirebaseMessagingRegistrar"
128-->[com.google.firebase:firebase-messaging:23.4.0] AndroidManifest.xml:61:17-119
129                android:value="com.google.firebase.components.ComponentRegistrar" />
129-->[com.google.firebase:firebase-messaging:23.4.0] AndroidManifest.xml:62:17-82
130            <meta-data
130-->[com.google.firebase:firebase-installations:17.2.0] AndroidManifest.xml:15:13-17:85
131                android:name="com.google.firebase.components:com.google.firebase.installations.FirebaseInstallationsKtxRegistrar"
131-->[com.google.firebase:firebase-installations:17.2.0] AndroidManifest.xml:16:17-130
132                android:value="com.google.firebase.components.ComponentRegistrar" />
132-->[com.google.firebase:firebase-installations:17.2.0] AndroidManifest.xml:17:17-82
133            <meta-data
133-->[com.google.firebase:firebase-installations:17.2.0] AndroidManifest.xml:18:13-20:85
134                android:name="com.google.firebase.components:com.google.firebase.installations.FirebaseInstallationsRegistrar"
134-->[com.google.firebase:firebase-installations:17.2.0] AndroidManifest.xml:19:17-127
135                android:value="com.google.firebase.components.ComponentRegistrar" />
135-->[com.google.firebase:firebase-installations:17.2.0] AndroidManifest.xml:20:17-82
136            <meta-data
136-->[com.google.firebase:firebase-common-ktx:20.4.2] AndroidManifest.xml:12:13-14:85
137                android:name="com.google.firebase.components:com.google.firebase.ktx.FirebaseCommonLegacyRegistrar"
137-->[com.google.firebase:firebase-common-ktx:20.4.2] AndroidManifest.xml:13:17-116
138                android:value="com.google.firebase.components.ComponentRegistrar" />
138-->[com.google.firebase:firebase-common-ktx:20.4.2] AndroidManifest.xml:14:17-82
139            <meta-data
139-->[com.google.firebase:firebase-common:20.4.2] AndroidManifest.xml:35:13-37:85
140                android:name="com.google.firebase.components:com.google.firebase.FirebaseCommonKtxRegistrar"
140-->[com.google.firebase:firebase-common:20.4.2] AndroidManifest.xml:36:17-109
141                android:value="com.google.firebase.components.ComponentRegistrar" />
141-->[com.google.firebase:firebase-common:20.4.2] AndroidManifest.xml:37:17-82
142            <meta-data
142-->[com.google.firebase:firebase-datatransport:18.1.7] AndroidManifest.xml:27:13-29:85
143                android:name="com.google.firebase.components:com.google.firebase.datatransport.TransportRegistrar"
143-->[com.google.firebase:firebase-datatransport:18.1.7] AndroidManifest.xml:28:17-115
144                android:value="com.google.firebase.components.ComponentRegistrar" />
144-->[com.google.firebase:firebase-datatransport:18.1.7] AndroidManifest.xml:29:17-82
145        </service>
146
147        <provider
147-->[androidx.work:work-runtime:2.9.0] AndroidManifest.xml:29:9-37:20
148            android:name="androidx.startup.InitializationProvider"
148-->[androidx.work:work-runtime:2.9.0] AndroidManifest.xml:30:13-67
149            android:authorities="cl.babyguardian.hub.androidx-startup"
149-->[androidx.work:work-runtime:2.9.0] AndroidManifest.xml:31:13-68
150            android:exported="false" >
150-->[androidx.work:work-runtime:2.9.0] AndroidManifest.xml:32:13-37
151            <meta-data
151-->[androidx.work:work-runtime:2.9.0] AndroidManifest.xml:34:13-36:52
152                android:name="androidx.work.WorkManagerInitializer"
152-->[androidx.work:work-runtime:2.9.0] AndroidManifest.xml:35:17-68
153                android:value="androidx.startup" />
153-->[androidx.work:work-runtime:2.9.0] AndroidManifest.xml:36:17-49
154            <meta-data
154-->[androidx.emoji2:emoji2:1.3.0] AndroidManifest.xml:29:13-31:52
155                android:name="androidx.emoji2.text.EmojiCompatInitializer"
155-->[androidx.emoji2:emoji2:1.3.0] AndroidManifest.xml:30:17-75
156                android:value="androidx.startup" />
156-->[androidx.emoji2:emoji2:1.3.0] AndroidManifest.xml:31:17-49
157            <meta-data
157-->[androidx.lifecycle:lifecycle-process:2.7.0] AndroidManifest.xml:29:13-31:52
158                android:name="androidx.lifecycle.ProcessLifecycleInitializer"
158-->[androidx.lifecycle:lifecycle-process:2.7.0] AndroidManifest.xml:30:17-78
159                android:value="androidx.startup" />
159-->[androidx.lifecycle:lifecycle-process:2.7.0] AndroidManifest.xml:31:17-49
160            <meta-data
160-->[androidx.profileinstaller:profileinstaller:1.3.1] AndroidManifest.xml:29:13-31:52
161                android:name="androidx.profileinstaller.ProfileInstallerInitializer"
161-->[androidx.profileinstaller:profileinstaller:1.3.1] AndroidManifest.xml:30:17-85
162                android:value="androidx.startup" />
162-->[androidx.profileinstaller:profileinstaller:1.3.1] AndroidManifest.xml:31:17-49
163        </provider>
164
165        <service
165-->[androidx.work:work-runtime:2.9.0] AndroidManifest.xml:39:9-45:35
166            android:name="androidx.work.impl.background.systemalarm.SystemAlarmService"
166-->[androidx.work:work-runtime:2.9.0] AndroidManifest.xml:40:13-88
167            android:directBootAware="false"
167-->[androidx.work:work-runtime:2.9.0] AndroidManifest.xml:41:13-44
168            android:enabled="@bool/enable_system_alarm_service_default"
168-->[androidx.work:work-runtime:2.9.0] AndroidManifest.xml:42:13-72
169            android:exported="false" />
169-->[androidx.work:work-runtime:2.9.0] AndroidManifest.xml:43:13-37
170        <service
170-->[androidx.work:work-runtime:2.9.0] AndroidManifest.xml:46:9-52:35
171            android:name="androidx.work.impl.background.systemjob.SystemJobService"
171-->[androidx.work:work-runtime:2.9.0] AndroidManifest.xml:47:13-84
172            android:directBootAware="false"
172-->[androidx.work:work-runtime:2.9.0] AndroidManifest.xml:48:13-44
173            android:enabled="@bool/enable_system_job_service_default"
173-->[androidx.work:work-runtime:2.9.0] AndroidManifest.xml:49:13-70
174            android:exported="true"
174-->[androidx.work:work-runtime:2.9.0] AndroidManifest.xml:50:13-36
175            android:permission="android.permission.BIND_JOB_SERVICE" />
175-->[androidx.work:work-runtime:2.9.0] AndroidManifest.xml:51:13-69
176        <service
176-->[androidx.work:work-runtime:2.9.0] AndroidManifest.xml:53:9-59:35
177            android:name="androidx.work.impl.foreground.SystemForegroundService"
177-->[androidx.work:work-runtime:2.9.0] AndroidManifest.xml:54:13-81
178            android:directBootAware="false"
178-->[androidx.work:work-runtime:2.9.0] AndroidManifest.xml:55:13-44
179            android:enabled="@bool/enable_system_foreground_service_default"
179-->[androidx.work:work-runtime:2.9.0] AndroidManifest.xml:56:13-77
180            android:exported="false" />
180-->[androidx.work:work-runtime:2.9.0] AndroidManifest.xml:57:13-37
181
182        <receiver
182-->[androidx.work:work-runtime:2.9.0] AndroidManifest.xml:61:9-66:35
183            android:name="androidx.work.impl.utils.ForceStopRunnable$BroadcastReceiver"
183-->[androidx.work:work-runtime:2.9.0] AndroidManifest.xml:62:13-88
184            android:directBootAware="false"
184-->[androidx.work:work-runtime:2.9.0] AndroidManifest.xml:63:13-44
185            android:enabled="true"
185-->[androidx.work:work-runtime:2.9.0] AndroidManifest.xml:64:13-35
186            android:exported="false" />
186-->[androidx.work:work-runtime:2.9.0] AndroidManifest.xml:65:13-37
187        <receiver
187-->[androidx.work:work-runtime:2.9.0] AndroidManifest.xml:67:9-77:20
188            android:name="androidx.work.impl.background.systemalarm.ConstraintProxy$BatteryChargingProxy"
188-->[androidx.work:work-runtime:2.9.0] AndroidManifest.xml:68:13-106
189            android:directBootAware="false"
189-->[androidx.work:work-runtime:2.9.0] AndroidManifest.xml:69:13-44
190            android:enabled="false"
190-->[androidx.work:work-runtime:2.9.0] AndroidManifest.xml:70:13-36
191            android:exported="false" >
191-->[androidx.work:work-runtime:2.9.0] AndroidManifest.xml:71:13-37
192            <intent-filter>
192-->[androidx.work:work-runtime:2.9.0] AndroidManifest.xml:73:13-76:29
193                <action android:name="android.intent.action.ACTION_POWER_CONNECTED" />
193-->[androidx.work:work-runtime:2.9.0] AndroidManifest.xml:74:17-87
193-->[androidx.work:work-runtime:2.9.0] AndroidManifest.xml:74:25-84
194                <action android:name="android.intent.action.ACTION_POWER_DISCONNECTED" />
194-->[androidx.work:work-runtime:2.9.0] AndroidManifest.xml:75:17-90
194-->[androidx.work:work-runtime:2.9.0] AndroidManifest.xml:75:25-87
195            </intent-filter>
196        </receiver>
197        <receiver
197-->[androidx.work:work-runtime:2.9.0] AndroidManifest.xml:78:9-88:20
198            android:name="androidx.work.impl.background.systemalarm.ConstraintProxy$BatteryNotLowProxy"
198-->[androidx.work:work-runtime:2.9.0] AndroidManifest.xml:79:13-104
199            android:directBootAware="false"
199-->[androidx.work:work-runtime:2.9.0] AndroidManifest.xml:80:13-44
200            android:enabled="false"
200-->[androidx.work:work-runtime:2.9.0] AndroidManifest.xml:81:13-36
201            android:exported="false" >
201-->[androidx.work:work-runtime:2.9.0] AndroidManifest.xml:82:13-37
202            <intent-filter>
202-->[androidx.work:work-runtime:2.9.0] AndroidManifest.xml:84:13-87:29
203                <action android:name="android.intent.action.BATTERY_OKAY" />
203-->[androidx.work:work-runtime:2.9.0] AndroidManifest.xml:85:17-77
203-->[androidx.work:work-runtime:2.9.0] AndroidManifest.xml:85:25-74
204                <action android:name="android.intent.action.BATTERY_LOW" />
204-->[androidx.work:work-runtime:2.9.0] AndroidManifest.xml:86:17-76
204-->[androidx.work:work-runtime:2.9.0] AndroidManifest.xml:86:25-73
205            </intent-filter>
206        </receiver>
207        <receiver
207-->[androidx.work:work-runtime:2.9.0] AndroidManifest.xml:89:9-99:20
208            android:name="androidx.work.impl.background.systemalarm.ConstraintProxy$StorageNotLowProxy"
208-->[androidx.work:work-runtime:2.9.0] AndroidManifest.xml:90:13-104
209            android:directBootAware="false"
209-->[androidx.work:work-runtime:2.9.0] AndroidManifest.xml:91:13-44
210            android:enabled="false"
210-->[androidx.work:work-runtime:2.9.0] AndroidManifest.xml:92:13-36
211            android:exported="false" >
211-->[androidx.work:work-runtime:2.9.0] AndroidManifest.xml:93:13-37
212            <intent-filter>
212-->[androidx.work:work-runtime:2.9.0] AndroidManifest.xml:95:13-98:29
213                <action android:name="android.intent.action.DEVICE_STORAGE_LOW" />
213-->[androidx.work:work-runtime:2.9.0] AndroidManifest.xml:96:17-83
213-->[androidx.work:work-runtime:2.9.0] AndroidManifest.xml:96:25-80
214                <action android:name="android.intent.action.DEVICE_STORAGE_OK" />
214-->[androidx.work:work-runtime:2.9.0] AndroidManifest.xml:97:17-82
214-->[androidx.work:work-runtime:2.9.0] AndroidManifest.xml:97:25-79
215            </intent-filter>
216        </receiver>
217        <receiver
217-->[androidx.work:work-runtime:2.9.0] AndroidManifest.xml:100:9-109:20
218            android:name="androidx.work.impl.background.systemalarm.ConstraintProxy$NetworkStateProxy"
218-->[androidx.work:work-runtime:2.9.0] AndroidManifest.xml:101:13-103
219            android:directBootAware="false"
219-->[androidx.work:work-runtime:2.9.0] AndroidManifest.xml:102:13-44
220            android:enabled="false"
220-->[androidx.work:work-runtime:2.9.0] AndroidManifest.xml:103:13-36
221            android:exported="false" >
221-->[androidx.work:work-runtime:2.9.0] AndroidManifest.xml:104:13-37
222            <intent-filter>
222-->[androidx.work:work-runtime:2.9.0] AndroidManifest.xml:106:13-108:29
223                <action android:name="android.net.conn.CONNECTIVITY_CHANGE" />
223-->[androidx.work:work-runtime:2.9.0] AndroidManifest.xml:107:17-79
223-->[androidx.work:work-runtime:2.9.0] AndroidManifest.xml:107:25-76
224            </intent-filter>
225        </receiver>
226        <receiver
226-->[androidx.work:work-runtime:2.9.0] AndroidManifest.xml:110:9-121:20
227            android:name="androidx.work.impl.background.systemalarm.RescheduleReceiver"
227-->[androidx.work:work-runtime:2.9.0] AndroidManifest.xml:111:13-88
228            android:directBootAware="false"
228-->[androidx.work:work-runtime:2.9.0] AndroidManifest.xml:112:13-44
229            android:enabled="false"
229-->[androidx.work:work-runtime:2.9.0] AndroidManifest.xml:113:13-36
230            android:exported="false" >
230-->[androidx.work:work-runtime:2.9.0] AndroidManifest.xml:114:13-37
231            <intent-filter>
231-->[androidx.work:work-runtime:2.9.0] AndroidManifest.xml:116:13-120:29
232                <action android:name="android.intent.action.BOOT_COMPLETED" />
232-->src/main/AndroidManifest.xml:69:17-79
232-->src/main/AndroidManifest.xml:69:25-76
233                <action android:name="android.intent.action.TIME_SET" />
233-->[androidx.work:work-runtime:2.9.0] AndroidManifest.xml:118:17-73
233-->[androidx.work:work-runtime:2.9.0] AndroidManifest.xml:118:25-70
234                <action android:name="android.intent.action.TIMEZONE_CHANGED" />
234-->[androidx.work:work-runtime:2.9.0] AndroidManifest.xml:119:17-81
234-->[androidx.work:work-runtime:2.9.0] AndroidManifest.xml:119:25-78
235            </intent-filter>
236        </receiver>
237        <receiver
237-->[androidx.work:work-runtime:2.9.0] AndroidManifest.xml:122:9-131:20
238            android:name="androidx.work.impl.background.systemalarm.ConstraintProxyUpdateReceiver"
238-->[androidx.work:work-runtime:2.9.0] AndroidManifest.xml:123:13-99
239            android:directBootAware="false"
239-->[androidx.work:work-runtime:2.9.0] AndroidManifest.xml:124:13-44
240            android:enabled="@bool/enable_system_alarm_service_default"
240-->[androidx.work:work-runtime:2.9.0] AndroidManifest.xml:125:13-72
241            android:exported="false" >
241-->[androidx.work:work-runtime:2.9.0] AndroidManifest.xml:126:13-37
242            <intent-filter>
242-->[androidx.work:work-runtime:2.9.0] AndroidManifest.xml:128:13-130:29
243                <action android:name="androidx.work.impl.background.systemalarm.UpdateProxies" />
243-->[androidx.work:work-runtime:2.9.0] AndroidManifest.xml:129:17-98
243-->[androidx.work:work-runtime:2.9.0] AndroidManifest.xml:129:25-95
244            </intent-filter>
245        </receiver>
246        <receiver
246-->[androidx.work:work-runtime:2.9.0] AndroidManifest.xml:132:9-142:20
247            android:name="androidx.work.impl.diagnostics.DiagnosticsReceiver"
247-->[androidx.work:work-runtime:2.9.0] AndroidManifest.xml:133:13-78
248            android:directBootAware="false"
248-->[androidx.work:work-runtime:2.9.0] AndroidManifest.xml:134:13-44
249            android:enabled="true"
249-->[androidx.work:work-runtime:2.9.0] AndroidManifest.xml:135:13-35
250            android:exported="true"
250-->[androidx.work:work-runtime:2.9.0] AndroidManifest.xml:136:13-36
251            android:permission="android.permission.DUMP" >
251-->[androidx.work:work-runtime:2.9.0] AndroidManifest.xml:137:13-57
252            <intent-filter>
252-->[androidx.work:work-runtime:2.9.0] AndroidManifest.xml:139:13-141:29
253                <action android:name="androidx.work.diagnostics.REQUEST_DIAGNOSTICS" />
253-->[androidx.work:work-runtime:2.9.0] AndroidManifest.xml:140:17-88
253-->[androidx.work:work-runtime:2.9.0] AndroidManifest.xml:140:25-85
254            </intent-filter>
255        </receiver>
256
257        <service
257-->[androidx.room:room-runtime:2.6.1] AndroidManifest.xml:24:9-28:63
258            android:name="androidx.room.MultiInstanceInvalidationService"
258-->[androidx.room:room-runtime:2.6.1] AndroidManifest.xml:25:13-74
259            android:directBootAware="true"
259-->[androidx.room:room-runtime:2.6.1] AndroidManifest.xml:26:13-43
260            android:exported="false" />
260-->[androidx.room:room-runtime:2.6.1] AndroidManifest.xml:27:13-37
261
262        <receiver
262-->[com.google.firebase:firebase-messaging:23.4.0] AndroidManifest.xml:29:9-40:20
263            android:name="com.google.firebase.iid.FirebaseInstanceIdReceiver"
263-->[com.google.firebase:firebase-messaging:23.4.0] AndroidManifest.xml:30:13-78
264            android:exported="true"
264-->[com.google.firebase:firebase-messaging:23.4.0] AndroidManifest.xml:31:13-36
265            android:permission="com.google.android.c2dm.permission.SEND" >
265-->[com.google.firebase:firebase-messaging:23.4.0] AndroidManifest.xml:32:13-73
266            <intent-filter>
266-->[com.google.firebase:firebase-messaging:23.4.0] AndroidManifest.xml:33:13-35:29
267                <action android:name="com.google.android.c2dm.intent.RECEIVE" />
267-->[com.google.firebase:firebase-messaging:23.4.0] AndroidManifest.xml:34:17-81
267-->[com.google.firebase:firebase-messaging:23.4.0] AndroidManifest.xml:34:25-78
268            </intent-filter>
269
270            <meta-data
270-->[com.google.firebase:firebase-messaging:23.4.0] AndroidManifest.xml:37:13-39:40
271                android:name="com.google.android.gms.cloudmessaging.FINISHED_AFTER_HANDLED"
271-->[com.google.firebase:firebase-messaging:23.4.0] AndroidManifest.xml:38:17-92
272                android:value="true" />
272-->[com.google.firebase:firebase-messaging:23.4.0] AndroidManifest.xml:39:17-37
273        </receiver>
274        <!--
275             FirebaseMessagingService performs security checks at runtime,
276             but set to not exported to explicitly avoid allowing another app to call it.
277        -->
278        <service
278-->[com.google.firebase:firebase-messaging:23.4.0] AndroidManifest.xml:46:9-53:19
279            android:name="com.google.firebase.messaging.FirebaseMessagingService"